c:\users\maka\documents\visual studio 2015\projects\octviewer\octviewer\octviewer\x64\debug\vc140.pdb
c:\users\maka\documents\visual studio 2015\projects\octviewer\octviewer\octviewer\x64\debug\vc140.idb
c:\users\maka\documents\visual studio 2015\projects\octviewer\octviewer\octviewer\x64\debug\crosssection.obj
c:\users\maka\documents\visual studio 2015\projects\octviewer\octviewer\octviewer\x64\debug\macierzopengl.obj
c:\users\maka\documents\visual studio 2015\projects\octviewer\octviewer\octviewer\x64\debug\octviewer.obj
c:\users\maka\documents\visual studio 2015\projects\octviewer\octviewer\octviewer\x64\debug\okno.obj
c:\users\maka\documents\visual studio 2015\projects\octviewer\octviewer\octviewer\x64\debug\plikbmp.obj
c:\users\maka\documents\visual studio 2015\projects\octviewer\octviewer\octviewer\x64\debug\dllmain.obj
c:\users\maka\documents\visual studio 2015\projects\octviewer\octviewer\octviewer\x64\debug\glew.obj
c:\users\maka\documents\visual studio 2015\projects\octviewer\octviewer\x64\debug\octviewer.dll
c:\users\maka\documents\visual studio 2015\projects\octviewer\octviewer\x64\debug\octviewer.pdb
c:\users\maka\documents\visual studio 2015\projects\octviewer\octviewer\x64\debug\octviewer.lib
c:\users\maka\documents\visual studio 2015\projects\octviewer\octviewer\x64\debug\octviewer.exp
c:\users\maka\documents\visual studio 2015\projects\octviewer\octviewer\octviewer\x64\debug\cudatekstury.cu.cache
c:\users\maka\documents\visual studio 2015\projects\octviewer\octviewer\octviewer\x64\debug\cudatekstury.cu.obj
c:\users\maka\documents\visual studio 2015\projects\octviewer\octviewer\octviewer\x64\debug\octviewer.tlog\cl.command.1.tlog
c:\users\maka\documents\visual studio 2015\projects\octviewer\octviewer\octviewer\x64\debug\octviewer.tlog\cl.read.1.tlog
c:\users\maka\documents\visual studio 2015\projects\octviewer\octviewer\octviewer\x64\debug\octviewer.tlog\cl.write.1.tlog
c:\users\maka\documents\visual studio 2015\projects\octviewer\octviewer\octviewer\x64\debug\octviewer.tlog\link.command.1.tlog
c:\users\maka\documents\visual studio 2015\projects\octviewer\octviewer\octviewer\x64\debug\octviewer.tlog\link.read.1.tlog
c:\users\maka\documents\visual studio 2015\projects\octviewer\octviewer\octviewer\x64\debug\octviewer.tlog\link.write.1.tlog
c:\users\maka\documents\visual studio 2015\projects\octviewer\octviewer\octviewer\x64\debug\octviewer.tlog\octviewer.write.1u.tlog
